{"total": {"lines":{"total":30,"covered":27,"skipped":0,"pct":90},"statements":{"total":30,"covered":27,"skipped":0,"pct":90},"functions":{"total":11,"covered":10,"skipped":0,"pct":90.9},"branches":{"total":4,"covered":3,"skipped":0,"pct":75},"branchesTrue":{"total":0,"covered":0,"skipped":0,"pct":100}}
,"C:\\Users\\320114348\\Documents\\PUC\\DevOps\\Aula 3\\src_alta\\app.ts": {"lines":{"total":6,"covered":6,"skipped":0,"pct":100},"functions":{"total":2,"covered":2,"skipped":0,"pct":100},"statements":{"total":6,"covered":6,"skipped":0,"pct":100},"branches":{"total":1,"covered":1,"skipped":0,"pct":100}}
,"C:\\Users\\320114348\\Documents\\PUC\\DevOps\\Aula 3\\src_alta\\divisao.ts": {"lines":{"total":4,"covered":4,"skipped":0,"pct":100},"functions":{"total":1,"covered":1,"skipped":0,"pct":100},"statements":{"total":4,"covered":4,"skipped":0,"pct":100},"branches":{"total":1,"covered":1,"skipped":0,"pct":100}}
,"C:\\Users\\320114348\\Documents\\PUC\\DevOps\\Aula 3\\src_baixa\\app.ts": {"lines":{"total":6,"covered":3,"skipped":0,"pct":50},"functions":{"total":2,"covered":1,"skipped":0,"pct":50},"statements":{"total":6,"covered":3,"skipped":0,"pct":50},"branches":{"total":1,"covered":0,"skipped":0,"pct":0}}
,"C:\\Users\\320114348\\Documents\\PUC\\DevOps\\Aula 3\\src_baixa\\operacoes.ts": {"lines":{"total":14,"covered":14,"skipped":0,"pct":100},"functions":{"total":6,"covered":6,"skipped":0,"pct":100},"statements":{"total":14,"covered":14,"skipped":0,"pct":100},"branches":{"total":1,"covered":1,"skipped":0,"pct":100}}
}
